1/12/2022, 4:28:54 PM - INFO - Server is running on port: 3030 
1/12/2022, 4:46:20 PM - INFO - Server is running on port: 3030 
1/16/2022, 8:14:24 AM - INFO - Server is running on port: 3030 
1/16/2022, 11:37:01 AM - ERROR - while finding user 67iEA | Error: Argument passed in must be a single String of 12 bytes or a string of 24 hex characters (sid: Ndp-1sZHNHyfAfT9WwBQ62lPgOeuzjqy)
1/16/2022, 11:37:01 AM - ERROR - Failed to get user | Error: Argument passed in must be a single String of 12 bytes or a string of 24 hex characters (sid: Ndp-1sZHNHyfAfT9WwBQ62lPgOeuzjqy)
1/16/2022, 11:38:09 AM - DEBUG - auth.service - login with username: admin (sid: Ndp-1sZHNHyfAfT9WwBQ62lPgOeuzjqy)
1/16/2022, 12:00:23 PM - INFO - Req from: Master Adminov (sid: Ndp-1sZHNHyfAfT9WwBQ62lPgOeuzjqy)
1/16/2022, 12:00:57 PM - INFO - Req from: Master Adminov (sid: Ndp-1sZHNHyfAfT9WwBQ62lPgOeuzjqy)
1/16/2022, 12:00:57 PM - DEBUG - Emiting to user socket: 614ad26492b8a1101045b3a3 (sid: Ndp-1sZHNHyfAfT9WwBQ62lPgOeuzjqy)
1/16/2022, 12:10:16 PM - ERROR - while finding user 67iEA | Error: Argument passed in must be a single String of 12 bytes or a string of 24 hex characters (sid: Ndp-1sZHNHyfAfT9WwBQ62lPgOeuzjqy)
1/16/2022, 12:10:16 PM - ERROR - Failed to get user | Error: Argument passed in must be a single String of 12 bytes or a string of 24 hex characters (sid: Ndp-1sZHNHyfAfT9WwBQ62lPgOeuzjqy)
1/16/2022, 12:10:16 PM - INFO - Req from: Master Adminov (sid: Ndp-1sZHNHyfAfT9WwBQ62lPgOeuzjqy)
1/16/2022, 12:10:21 PM - ERROR - while finding user 67iEA | Error: Argument passed in must be a single String of 12 bytes or a string of 24 hex characters (sid: Ndp-1sZHNHyfAfT9WwBQ62lPgOeuzjqy)
1/16/2022, 12:10:21 PM - ERROR - Failed to get user | Error: Argument passed in must be a single String of 12 bytes or a string of 24 hex characters (sid: Ndp-1sZHNHyfAfT9WwBQ62lPgOeuzjqy)
1/16/2022, 12:10:21 PM - INFO - Req from: Master Adminov (sid: Ndp-1sZHNHyfAfT9WwBQ62lPgOeuzjqy)
1/16/2022, 12:15:43 PM - INFO - Server is running on port: 3030 
1/16/2022, 12:22:18 PM - INFO - Server is running on port: 3030 
1/16/2022, 12:22:28 PM - INFO - Server is running on port: 3030 
1/16/2022, 12:23:49 PM - INFO - Server is running on port: 3030 
1/16/2022, 12:24:38 PM - INFO - Server is running on port: 3030 
1/16/2022, 12:26:18 PM - INFO - Server is running on port: 3030 
1/16/2022, 12:30:55 PM - INFO - Server is running on port: 3030 
1/16/2022, 12:31:35 PM - INFO - Server is running on port: 3030 
1/16/2022, 12:32:14 PM - INFO - Server is running on port: 3030 
1/16/2022, 12:32:44 PM - INFO - Server is running on port: 3030 
1/16/2022, 12:49:15 PM - INFO - Server is running on port: 3030 
1/16/2022, 12:54:24 PM - INFO - Server is running on port: 3030 
1/16/2022, 12:54:30 PM - INFO - Server is running on port: 3030 
1/16/2022, 1:02:56 PM - INFO - Server is running on port: 3030 
26/01/2022, 17:20:21 - INFO - Server is running on port: 3030 
26/01/2022, 17:23:04 - ERROR - Failed to get board | TypeError: boardService.getById is not a function (sid: SE161th083aeBj_T6z5n2GWFaly6rX0d)
26/01/2022, 17:31:56 - INFO - Server is running on port: 3030 
26/01/2022, 17:35:49 - INFO - Server is running on port: 3030 
26/01/2022, 17:38:34 - INFO - Server is running on port: 3030 
26/01/2022, 17:38:36 - INFO - Server is running on port: 3030 
26/01/2022, 17:39:09 - INFO - Server is running on port: 3030 
26/01/2022, 17:41:31 - INFO - Server is running on port: 3030 
26/01/2022, 18:31:34 - INFO - Server is running on port: 3030 
26/01/2022, 18:32:10 - INFO - Server is running on port: 3030 
